<?xml version="1.0" encoding="UTF-8"?>
<!-- Generated by org.testng.reporters.JUnitReportReporter -->
<testsuite hostname="EdDSingh" failures="0" tests="2" name="codeChallenge.aspire_01_login" time="39.064" errors="0" timestamp="2022-02-02T22:20:19 IST" skipped="0">
  <testcase classname="codeChallenge.aspire_01_login" name="login" time="21.801"/>
  <system-out/>
  <testcase classname="codeChallenge.aspire_01_login" name="Scenario_02" time="17.263"/>
  <system-out/>
</testsuite> <!-- codeChallenge.aspire_01_login -->
