<?xml version="1.0" encoding="UTF-8"?>
<!-- Generated by org.testng.reporters.JUnitReportReporter -->
<testsuite hostname="EdDSingh" failures="0" tests="1" name="codeChallenge.aspire_01_login" time="9.644" errors="0" timestamp="2022-01-20T18:55:10 IST" skipped="0">
  <testcase classname="codeChallenge.aspire_01_login" name="login" time="9.644"/>
  <system-out/>
</testsuite> <!-- codeChallenge.aspire_01_login -->
