<?xml version="1.0" encoding="UTF-8"?>
<!-- Generated by org.testng.reporters.JUnitReportReporter -->
<testsuite hostname="EdDSingh" failures="0" tests="1" name="codeChallenge.aspire_03_logout" time="3.415" errors="0" timestamp="2022-01-20T18:55:10 IST" skipped="0">
  <testcase classname="codeChallenge.aspire_03_logout" name="logout" time="3.415"/>
  <system-out/>
</testsuite> <!-- codeChallenge.aspire_03_logout -->
