<?xml version="1.0" encoding="UTF-8"?>
<!-- Generated by org.testng.reporters.JUnitReportReporter -->
<testsuite hostname="EdDSingh" failures="0" tests="2" name="codeChallenge.aspire_02_addProductAndManufacturingDetails" time="103.234" errors="0" timestamp="2022-01-20T18:55:10 IST" skipped="0">
  <testcase classname="codeChallenge.aspire_02_addProductAndManufacturingDetails" name="addAProduct" time="61.104"/>
  <system-out/>
  <testcase classname="codeChallenge.aspire_02_addProductAndManufacturingDetails" name="addManufacturingOrder" time="42.130"/>
  <system-out/>
</testsuite> <!-- codeChallenge.aspire_02_addProductAndManufacturingDetails -->
